# JRE version: Java(TM) SE Runtime Environment 18.9 (11.0.15+8) (build 11.0.15+8-LTS-149)
# Java VM: Java HotSpot(TM) 64-Bit Server VM 18.9 (11.0.15+8-LTS-149, mixed mode, tiered, compressed oops, g1 gc, windows-amd64)
Heap:
 garbage-first heap   total 157696K, used 38050K [0x0000000080000000, 0x0000000100000000)
  region size 1024K, 35 young (35840K), 4 survivors (4096K)
 Metaspace       used 24535K, capacity 25241K, committed 25344K, reserved 1071104K
  class space    used 2784K, capacity 3055K, committed 3072K, reserved 1048576K
GC Heap History (10 events):
Event: 0.846 GC heap before
{Heap before GC invocations=0 (full 0):
 garbage-first heap   total 131072K, used 7168K [0x0000000080000000, 0x0000000100000000)
  region size 1024K, 7 young (7168K), 0 survivors (0K)
 Metaspace       used 7246K, capacity 7375K, committed 7680K, reserved 1056768K
  class space    used 640K, capacity 670K, committed 768K, reserved 1048576K
}
Event: 0.858 GC heap after
{Heap after GC invocations=1 (full 0):
 garbage-first heap   total 131072K, used 2909K [0x0000000080000000, 0x0000000100000000)
  region size 1024K, 1 young (1024K), 1 survivors (1024K)
 Metaspace       used 7246K, capacity 7375K, committed 7680K, reserved 1056768K
  class space    used 640K, capacity 670K, committed 768K, reserved 1048576K
}
Event: 1.172 GC heap before
{Heap before GC invocations=1 (full 0):
 garbage-first heap   total 131072K, used 8029K [0x0000000080000000, 0x0000000100000000)
  region size 1024K, 6 young (6144K), 1 survivors (1024K)
 Metaspace       used 9706K, capacity 9877K, committed 9984K, reserved 1058816K
  class space    used 899K, capacity 952K, committed 1024K, reserved 1048576K
}
Event: 1.177 GC heap after
{Heap after GC invocations=2 (full 0):
 garbage-first heap   total 131072K, used 3919K [0x0000000080000000, 0x0000000100000000)
  region size 1024K, 1 young (1024K), 1 survivors (1024K)
 Metaspace       used 9706K, capacity 9877K, committed 9984K, reserved 1058816K
  class space    used 899K, capacity 952K, committed 1024K, reserved 1048576K
}
Event: 1.635 GC heap before
{Heap before GC invocations=2 (full 0):
 garbage-first heap   total 131072K, used 15183K [0x0000000080000000, 0x0000000100000000)
  region size 1024K, 12 young (12288K), 1 survivors (1024K)
 Metaspace       used 13869K, capacity 14097K, committed 14336K, reserved 1062912K
  class space    used 1375K, capacity 1449K, committed 1536K, reserved 1048576K
}
Event: 1.642 GC heap after
{Heap after GC invocations=3 (full 0):
 garbage-first heap   total 131072K, used 4937K [0x0000000080000000, 0x0000000100000000)
  region size 1024K, 2 young (2048K), 2 survivors (2048K)
 Metaspace       used 13869K, capacity 14097K, committed 14336K, reserved 1062912K
  class space    used 1375K, capacity 1449K, committed 1536K, reserved 1048576K
}
Event: 2.386 GC heap before
{Heap before GC invocations=3 (full 0):
 garbage-first heap   total 131072K, used 21321K [0x0000000080000000, 0x0000000100000000)
  region size 1024K, 18 young (18432K), 2 survivors (2048K)
 Metaspace       used 17731K, capacity 18120K, committed 18304K, reserved 1064960K
  class space    used 1915K, capacity 2106K, committed 2176K, reserved 1048576K
}
Event: 2.395 GC heap after
{Heap after GC invocations=4 (full 0):
 garbage-first heap   total 131072K, used 6095K [0x0000000080000000, 0x0000000100000000)
  region size 1024K, 3 young (3072K), 3 survivors (3072K)
 Metaspace       used 17731K, capacity 18120K, committed 18304K, reserved 1064960K
  class space    used 1915K, capacity 2106K, committed 2176K, reserved 1048576K
}
Event: 3.323 GC heap before
{Heap before GC invocations=4 (full 0):
 garbage-first heap   total 131072K, used 23503K [0x0000000080000000, 0x0000000100000000)
  region size 1024K, 21 young (21504K), 3 survivors (3072K)
 Metaspace       used 20650K, capacity 21146K, committed 21248K, reserved 1069056K
  class space    used 2289K, capacity 2516K, committed 2560K, reserved 1048576K
}
Event: 3.334 GC heap after
{Heap after GC invocations=5 (full 0):
 garbage-first heap   total 157696K, used 7330K [0x0000000080000000, 0x0000000100000000)
  region size 1024K, 4 young (4096K), 4 survivors (4096K)
 Metaspace       used 20650K, capacity 21146K, committed 21248K, reserved 1069056K
  class space    used 2289K, capacity 2516K, committed 2560K, reserved 1048576K
}

